# JRE version: Java(TM) SE Runtime Environment (18.0.2.1+1) (build 18.0.2.1+1-1)
# Java VM: Java HotSpot(TM) 64-Bit Server VM (18.0.2.1+1-1, mixed mode, sharing, tiered, compressed oops, compressed class ptrs, g1 gc, windows-amd64)
GC Precious Log:
 CardTable entry size: 512
 Card Set container configuration: InlinePtr #cards 5 size 8 Array Of Cards #cards 12 size 40 Howl #buckets 4 coarsen threshold 1843 Howl Bitmap #cards 512 size 80 coarsen threshold 460 Card regions per heap region 1 cards per card region 2048
 CPUs: 4 total, 4 available
 Memory: 14282M
 Large Page Support: Disabled
 NUMA Support: Disabled
 Compressed Oops: Enabled (32-bit)
 Heap Region Size: 1M
 Heap Min Capacity: 256M
 Heap Initial Capacity: 256M
 Heap Max Capacity: 512M
 Pre-touch: Disabled
 Parallel Workers: 4
 Concurrent Workers: 1
 Concurrent Refinement Workers: 4
 Periodic GC: Disabled
Heap:
 garbage-first heap   total 405504K, used 257489K [0x00000000e0000000, 0x0000000100000000)
  region size 1024K, 21 young (21504K), 4 survivors (4096K)
 Metaspace       used 121659K, committed 124160K, reserved 344064K
  class space    used 16112K, committed 17408K, reserved 212992K
GC Heap History (20 events):
Event: 186.450 GC heap before
{Heap before GC invocations=89 (full 0):
 garbage-first heap   total 405504K, used 329776K [0x00000000e0000000, 0x0000000100000000)
  region size 1024K, 104 young (106496K), 1 survivors (1024K)
 Metaspace       used 109134K, committed 111424K, reserved 344064K
  class space    used 14687K, committed 15872K, reserved 212992K
}
Event: 186.455 GC heap after
{Heap after GC invocations=90 (full 0):
 garbage-first heap   total 405504K, used 220923K [0x00000000e0000000, 0x0000000100000000)
  region size 1024K, 2 young (2048K), 2 survivors (2048K)
 Metaspace       used 109134K, committed 111424K, reserved 344064K
  class space    used 14687K, committed 15872K, reserved 212992K
}
Event: 187.810 GC heap before
{Heap before GC invocations=90 (full 0):
 garbage-first heap   total 405504K, used 238331K [0x00000000e0000000, 0x0000000100000000)
  region size 1024K, 19 young (19456K), 2 survivors (2048K)
 Metaspace       used 109134K, committed 111424K, reserved 344064K
  class space    used 14687K, committed 15872K, reserved 212992K
}
Event: 187.813 GC heap after
{Heap after GC invocations=91 (full 0):
 garbage-first heap   total 405504K, used 214277K [0x00000000e0000000, 0x0000000100000000)
  region size 1024K, 2 young (2048K), 2 survivors (2048K)
 Metaspace       used 109134K, committed 111424K, reserved 344064K
  class space    used 14687K, committed 15872K, reserved 212992K
}
Event: 197.285 GC heap before
{Heap before GC invocations=91 (full 0):
 garbage-first heap   total 405504K, used 345349K [0x00000000e0000000, 0x0000000100000000)
  region size 1024K, 131 young (134144K), 2 survivors (2048K)
 Metaspace       used 109134K, committed 111424K, reserved 344064K
  class space    used 14687K, committed 15872K, reserved 212992K
}
Event: 197.297 GC heap after
{Heap after GC invocations=92 (full 0):
 garbage-first heap   total 405504K, used 217111K [0x00000000e0000000, 0x0000000100000000)
  region size 1024K, 5 young (5120K), 5 survivors (5120K)
 Metaspace       used 109134K, committed 111424K, reserved 344064K
  class space    used 14687K, committed 15872K, reserved 212992K
}
Event: 205.613 GC heap before
{Heap before GC invocations=92 (full 0):
 garbage-first heap   total 405504K, used 347159K [0x00000000e0000000, 0x0000000100000000)
  region size 1024K, 132 young (135168K), 5 survivors (5120K)
 Metaspace       used 109136K, committed 111424K, reserved 344064K
  class space    used 14687K, committed 15872K, reserved 212992K
}
Event: 205.626 GC heap after
{Heap after GC invocations=93 (full 0):
 garbage-first heap   total 405504K, used 220477K [0x00000000e0000000, 0x0000000100000000)
  region size 1024K, 8 young (8192K), 8 survivors (8192K)
 Metaspace       used 109136K, committed 111424K, reserved 344064K
  class space    used 14687K, committed 15872K, reserved 212992K
}
Event: 211.753 GC heap before
{Heap before GC invocations=93 (full 0):
 garbage-first heap   total 405504K, used 348477K [0x00000000e0000000, 0x0000000100000000)
  region size 1024K, 133 young (136192K), 8 survivors (8192K)
 Metaspace       used 109145K, committed 111424K, reserved 344064K
  class space    used 14687K, committed 15872K, reserved 212992K
}
Event: 211.768 GC heap after
{Heap after GC invocations=94 (full 0):
 garbage-first heap   total 405504K, used 223462K [0x00000000e0000000, 0x0000000100000000)
  region size 1024K, 11 young (11264K), 11 survivors (11264K)
 Metaspace       used 109145K, committed 111424K, reserved 344064K
  class space    used 14687K, committed 15872K, reserved 212992K
}
Event: 218.640 GC heap before
{Heap before GC invocations=95 (full 0):
 garbage-first heap   total 405504K, used 373990K [0x00000000e0000000, 0x0000000100000000)
  region size 1024K, 134 young (137216K), 11 survivors (11264K)
 Metaspace       used 109172K, committed 111424K, reserved 344064K
  class space    used 14693K, committed 15872K, reserved 212992K
}
Event: 218.666 GC heap after
{Heap after GC invocations=96 (full 0):
 garbage-first heap   total 405504K, used 238363K [0x00000000e0000000, 0x0000000100000000)
  region size 1024K, 13 young (13312K), 13 survivors (13312K)
 Metaspace       used 109172K, committed 111424K, reserved 344064K
  class space    used 14693K, committed 15872K, reserved 212992K
}
Event: 218.770 GC heap before
{Heap before GC invocations=96 (full 0):
 garbage-first heap   total 405504K, used 244507K [0x00000000e0000000, 0x0000000100000000)
  region size 1024K, 19 young (19456K), 13 survivors (13312K)
 Metaspace       used 109181K, committed 111424K, reserved 344064K
  class space    used 14694K, committed 15872K, reserved 212992K
}
Event: 218.789 GC heap after
{Heap after GC invocations=97 (full 0):
 garbage-first heap   total 405504K, used 228655K [0x00000000e0000000, 0x0000000100000000)
  region size 1024K, 3 young (3072K), 3 survivors (3072K)
 Metaspace       used 109181K, committed 111424K, reserved 344064K
  class space    used 14694K, committed 15872K, reserved 212992K
}
Event: 797.848 GC heap before
{Heap before GC invocations=97 (full 0):
 garbage-first heap   total 405504K, used 378159K [0x00000000e0000000, 0x0000000100000000)
  region size 1024K, 117 young (119808K), 3 survivors (3072K)
 Metaspace       used 117329K, committed 119744K, reserved 344064K
  class space    used 15622K, committed 16832K, reserved 212992K
}
Event: 797.879 GC heap after
{Heap after GC invocations=98 (full 0):
 garbage-first heap   total 405504K, used 237871K [0x00000000e0000000, 0x0000000100000000)
  region size 1024K, 12 young (12288K), 12 survivors (12288K)
 Metaspace       used 117329K, committed 119744K, reserved 344064K
  class space    used 15622K, committed 16832K, reserved 212992K
}
Event: 3640.772 GC heap before
{Heap before GC invocations=98 (full 0):
 garbage-first heap   total 405504K, used 341295K [0x00000000e0000000, 0x0000000100000000)
  region size 1024K, 114 young (116736K), 12 survivors (12288K)
 Metaspace       used 117950K, committed 120384K, reserved 344064K
  class space    used 15646K, committed 16896K, reserved 212992K
}
Event: 3640.812 GC heap after
{Heap after GC invocations=99 (full 0):
 garbage-first heap   total 405504K, used 240245K [0x00000000e0000000, 0x0000000100000000)
  region size 1024K, 3 young (3072K), 3 survivors (3072K)
 Metaspace       used 117950K, committed 120384K, reserved 344064K
  class space    used 15646K, committed 16896K, reserved 212992K
}
Event: 3688.713 GC heap before
{Heap before GC invocations=99 (full 0):
 garbage-first heap   total 405504K, used 344693K [0x00000000e0000000, 0x0000000100000000)
  region size 1024K, 106 young (108544K), 3 survivors (3072K)
 Metaspace       used 121524K, committed 124032K, reserved 344064K
  class space    used 16108K, committed 17408K, reserved 212992K
}
Event: 3688.727 GC heap after
{Heap after GC invocations=100 (full 0):
 garbage-first heap   total 405504K, used 241105K [0x00000000e0000000, 0x0000000100000000)
  region size 1024K, 4 young (4096K), 4 survivors (4096K)
 Metaspace       used 121524K, committed 124032K, reserved 344064K
  class space    used 16108K, committed 17408K, reserved 212992K
}

